<?xml version="1.0" encoding="UTF-8"?>
<!-- Generated by org.testng.reporters.JUnitXMLReporter -->
<testsuite hostname="Abhisheks-MacBook-Pro.local" name="Default test" tests="3" failures="0" timestamp="19 Nov 2015 06:15:43 GMT" time="12.783" errors="0">
  <testcase name="googleSearch" time="5.917" classname="com.automation.testngexamples.DataProviderExample1"/>
  <testcase name="googleSearch" time="2.693" classname="com.automation.testngexamples.DataProviderExample1"/>
  <testcase name="googleSearch" time="2.623" classname="com.automation.testngexamples.DataProviderExample1"/>
</testsuite> <!-- Default test -->
